build/app/intermediates/manifest_merge_blame_file/debug/manifest-merger-blame-debug-report.txt
1<?xml version="1.0" encoding="utf-8"?>
2<manifest xmlns:android="http://schemas.android.com/apk/res/android"
3    package="com.example.flutter_application_1"
4    android:versionCode="1"
5    android:versionName="1.0.0" >
6
7    <uses-sdk
8        android:minSdkVersion="21"
9        android:targetSdkVersion="33" />
10    <!--
11         The INTERNET permission is required for development. Specifically,
12         the Flutter tool needs it to communicate with the running application
13         to allow setting breakpoints, to provide hot reload, etc.
14    -->
15    <uses-permission android:name="android.permission.INTERNET" />
15-->src/debug/AndroidManifest.xml:7:5-66
15-->src/debug/AndroidManifest.xml:7:22-64
16
17    <queries>
17-->[:flutter_inappwebview] AndroidManifest.xml:9:5-13:15
18        <intent>
18-->[:flutter_inappwebview] AndroidManifest.xml:10:9-12:18
19            <action android:name="android.support.customtabs.action.CustomTabsService" />
19-->[:flutter_inappwebview] AndroidManifest.xml:11:13-90
19-->[:flutter_inappwebview] AndroidManifest.xml:11:21-87
20        </intent>
21    </queries>
22
23    <uses-permission android:name="android.permission.ACCESS_NETWORK_STATE" />
23-->[:connectivity_plus] AndroidManifest.xml:9:5-79
23-->[:connectivity_plus] AndroidManifest.xml:9:22-76
24
25    <application
26        android:name="android.app.Application"
27        android:appComponentFactory="androidx.core.app.CoreComponentFactory"
27-->[androidx.core:core:1.8.0] AndroidManifest.xml:24:18-86
28        android:debuggable="true"
29        android:icon="@mipmap/ic_launcher"
30        android:label="flutter_application_1" >
31        <activity
32            android:name="com.example.flutter_application_1.MainActivity"
33            android:configChanges="orientation|keyboardHidden|keyboard|screenSize|smallestScreenSize|locale|layoutDirection|fontScale|screenLayout|density|uiMode"
34            android:exported="true"
35            android:hardwareAccelerated="true"
36            android:launchMode="singleTop"
37            android:theme="@style/LaunchTheme"
38            android:windowSoftInputMode="adjustResize" >
39
40            <!--
41                 Specifies an Android theme to apply to this Activity as soon as
42                 the Android process has started. This theme is visible to the user
43                 while the Flutter UI initializes. After that, this theme continues
44                 to determine the Window background behind the Flutter UI.
45            -->
46            <meta-data
47                android:name="io.flutter.embedding.android.NormalTheme"
48                android:resource="@style/NormalTheme" />
49
50            <intent-filter>
51                <action android:name="android.intent.action.MAIN" />
52
53                <category android:name="android.intent.category.LAUNCHER" />
54            </intent-filter>
55        </activity>
56        <!--
57             Don't delete the meta-data below.
58             This is used by the Flutter tool to generate GeneratedPluginRegistrant.java
59        -->
60        <meta-data
61            android:name="flutterEmbedding"
62            android:value="2" />
63
64        <activity
64-->[:flutter_inappwebview] AndroidManifest.xml:16:9-20:47
65            android:name="com.pichillilorenzo.flutter_inappwebview.in_app_browser.InAppBrowserActivity"
65-->[:flutter_inappwebview] AndroidManifest.xml:17:13-104
66            android:configChanges="orientation|keyboardHidden|keyboard|screenSize|locale|layoutDirection|fontScale|screenLayout|density"
66-->[:flutter_inappwebview] AndroidManifest.xml:18:13-137
67            android:exported="false"
67-->[:flutter_inappwebview] AndroidManifest.xml:19:13-37
68            android:theme="@style/AppTheme" />
68-->[:flutter_inappwebview] AndroidManifest.xml:20:13-44
69        <activity
69-->[:flutter_inappwebview] AndroidManifest.xml:21:9-24:55
70            android:name="com.pichillilorenzo.flutter_inappwebview.chrome_custom_tabs.ChromeCustomTabsActivity"
70-->[:flutter_inappwebview] AndroidManifest.xml:22:13-112
71            android:exported="false"
71-->[:flutter_inappwebview] AndroidManifest.xml:23:13-37
72            android:theme="@style/ThemeTransparent" />
72-->[:flutter_inappwebview] AndroidManifest.xml:24:13-52
73        <activity
73-->[:flutter_inappwebview] AndroidManifest.xml:25:9-28:55
74            android:name="com.pichillilorenzo.flutter_inappwebview.chrome_custom_tabs.TrustedWebActivity"
74-->[:flutter_inappwebview] AndroidManifest.xml:26:13-106
75            android:exported="false"
75-->[:flutter_inappwebview] AndroidManifest.xml:27:13-37
76            android:theme="@style/ThemeTransparent" />
76-->[:flutter_inappwebview] AndroidManifest.xml:28:13-52
77        <activity
77-->[:flutter_inappwebview] AndroidManifest.xml:29:9-33:55
78            android:name="com.pichillilorenzo.flutter_inappwebview.chrome_custom_tabs.ChromeCustomTabsActivitySingleInstance"
78-->[:flutter_inappwebview] AndroidManifest.xml:30:13-126
79            android:exported="false"
79-->[:flutter_inappwebview] AndroidManifest.xml:31:13-37
80            android:launchMode="singleInstance"
80-->[:flutter_inappwebview] AndroidManifest.xml:32:13-48
81            android:theme="@style/ThemeTransparent" />
81-->[:flutter_inappwebview] AndroidManifest.xml:33:13-52
82        <activity
82-->[:flutter_inappwebview] AndroidManifest.xml:34:9-38:55
83            android:name="com.pichillilorenzo.flutter_inappwebview.chrome_custom_tabs.TrustedWebActivitySingleInstance"
83-->[:flutter_inappwebview] AndroidManifest.xml:35:13-120
84            android:exported="false"
84-->[:flutter_inappwebview] AndroidManifest.xml:36:13-37
85            android:launchMode="singleInstance"
85-->[:flutter_inappwebview] AndroidManifest.xml:37:13-48
86            android:theme="@style/ThemeTransparent" />
86-->[:flutter_inappwebview] AndroidManifest.xml:38:13-52
87
88        <receiver
88-->[:flutter_inappwebview] AndroidManifest.xml:40:9-43:40
89            android:name="com.pichillilorenzo.flutter_inappwebview.chrome_custom_tabs.ActionBroadcastReceiver"
89-->[:flutter_inappwebview] AndroidManifest.xml:41:13-111
90            android:enabled="true"
90-->[:flutter_inappwebview] AndroidManifest.xml:42:13-35
91            android:exported="false" />
91-->[:flutter_inappwebview] AndroidManifest.xml:43:13-37
92
93        <meta-data
93-->[:flutter_inappwebview] AndroidManifest.xml:45:9-47:36
94            android:name="io.flutter.embedded_views_preview"
94-->[:flutter_inappwebview] AndroidManifest.xml:46:13-61
95            android:value="true" />
95-->[:flutter_inappwebview] AndroidManifest.xml:47:13-33
96
97        <uses-library
97-->[androidx.window:window:1.0.0-beta04] AndroidManifest.xml:25:9-27:40
98            android:name="androidx.window.extensions"
98-->[androidx.window:window:1.0.0-beta04] AndroidManifest.xml:26:13-54
99            android:required="false" />
99-->[androidx.window:window:1.0.0-beta04] AndroidManifest.xml:27:13-37
100        <uses-library
100-->[androidx.window:window:1.0.0-beta04] AndroidManifest.xml:28:9-30:40
101            android:name="androidx.window.sidecar"
101-->[androidx.window:window:1.0.0-beta04] AndroidManifest.xml:29:13-51
102            android:required="false" />
102-->[androidx.window:window:1.0.0-beta04] AndroidManifest.xml:30:13-37
103
104        <provider
104-->[androidx.emoji2:emoji2:1.2.0] AndroidManifest.xml:24:9-32:20
105            android:name="androidx.startup.InitializationProvider"
105-->[androidx.emoji2:emoji2:1.2.0] AndroidManifest.xml:25:13-67
106            android:authorities="com.example.flutter_application_1.androidx-startup"
106-->[androidx.emoji2:emoji2:1.2.0] AndroidManifest.xml:26:13-68
107            android:exported="false" >
107-->[androidx.emoji2:emoji2:1.2.0] AndroidManifest.xml:27:13-37
108            <meta-data
108-->[androidx.emoji2:emoji2:1.2.0] AndroidManifest.xml:29:13-31:52
109                android:name="androidx.emoji2.text.EmojiCompatInitializer"
109-->[androidx.emoji2:emoji2:1.2.0] AndroidManifest.xml:30:17-75
110                android:value="androidx.startup" />
110-->[androidx.emoji2:emoji2:1.2.0] AndroidManifest.xml:31:17-49
111            <meta-data
111-->[androidx.lifecycle:lifecycle-process:2.4.1] AndroidManifest.xml:31:13-33:52
112                android:name="androidx.lifecycle.ProcessLifecycleInitializer"
112-->[androidx.lifecycle:lifecycle-process:2.4.1] AndroidManifest.xml:32:17-78
113                android:value="androidx.startup" />
113-->[androidx.lifecycle:lifecycle-process:2.4.1] AndroidManifest.xml:33:17-49
114        </provider>
115    </application>
116
117</manifest>